<?xml version="1.0" encoding="UTF-8"?>
<!-- Generated by org.testng.reporters.JUnitXMLReporter -->
<testsuite ignored="5" hostname="DESKTOP-BMK3LDR" failures="2" tests="3" name="Test(failed)(failed)" time="0.111" errors="0" timestamp="2025-10-14T21:51:45 IST">
  <testcase classname="TestNg.ClassB" name="test8" time="0.013"/>
  <testcase classname="TestNg.ClassB" name="test6" time="0.005">
    <failure type="java.lang.AssertionError" message="null">
      <![CDATA[java.lang.AssertionError: null
at TestNg.ClassB.test6(ClassB.java:19)
at java.base/java.util.ArrayList.forEach(ArrayList.java:1596)
... Removed 27 stack frames]]>
    </failure>
  </testcase> <!-- test6 -->
  <testcase classname="TestNg.ClassA" name="test1" time="0.003">
    <failure type="java.lang.AssertionError" message="null">
      <![CDATA[java.lang.AssertionError: null
at TestNg.ClassA.test1(ClassA.java:12)
at java.base/java.util.ArrayList.forEach(ArrayList.java:1596)
... Removed 27 stack frames]]>
    </failure>
  </testcase> <!-- test1 -->
  <testcase classname="TestNg.ClassB" name="test7" time="0.0">
    <ignored/>
  </testcase> <!-- test7 -->
  <testcase classname="TestNg.ClassB" name="test5" time="0.0">
    <ignored/>
  </testcase> <!-- test5 -->
  <testcase classname="TestNg.ClassA" name="test2" time="0.0">
    <ignored/>
  </testcase> <!-- test2 -->
  <testcase classname="TestNg.ClassA" name="test3" time="0.0">
    <ignored/>
  </testcase> <!-- test3 -->
  <testcase classname="TestNg.ClassA" name="test4" time="0.0">
    <ignored/>
  </testcase> <!-- test4 -->
</testsuite> <!-- Test(failed)(failed) -->
