<?xml version="1.0" encoding="UTF-8"?>
<!-- Generated by org.testng.reporters.JUnitXMLReporter -->
<testsuite ignored="4" hostname="DESKTOP-BMK3LDR" failures="3" tests="4" name="Test(failed)" time="0.119" errors="0" timestamp="2025-10-14T21:50:42 IST">
  <testcase classname="TestNg.ClassA" name="test3" time="0.017"/>
  <testcase classname="TestNg.ClassA" name="test1" time="0.008">
    <failure type="java.lang.AssertionError" message="null">
      <![CDATA[java.lang.AssertionError: null
at TestNg.ClassA.test1(ClassA.java:12)
at java.base/java.util.ArrayList.forEach(ArrayList.java:1596)
... Removed 27 stack frames]]>
    </failure>
  </testcase> <!-- test1 -->
  <testcase classname="TestNg.ClassB" name="test8" time="0.002">
    <failure type="java.lang.AssertionError" message="null">
      <![CDATA[java.lang.AssertionError: null
at TestNg.ClassB.test8(ClassB.java:30)
at java.base/java.util.ArrayList.forEach(ArrayList.java:1596)
... Removed 27 stack frames]]>
    </failure>
  </testcase> <!-- test8 -->
  <testcase classname="TestNg.ClassB" name="test6" time="0.003">
    <failure type="java.lang.AssertionError" message="null">
      <![CDATA[java.lang.AssertionError: null
at TestNg.ClassB.test6(ClassB.java:19)
at java.base/java.util.ArrayList.forEach(ArrayList.java:1596)
... Removed 27 stack frames]]>
    </failure>
  </testcase> <!-- test6 -->
  <testcase classname="TestNg.ClassB" name="test7" time="0.0">
    <ignored/>
  </testcase> <!-- test7 -->
  <testcase classname="TestNg.ClassA" name="test2" time="0.0">
    <ignored/>
  </testcase> <!-- test2 -->
  <testcase classname="TestNg.ClassA" name="test4" time="0.0">
    <ignored/>
  </testcase> <!-- test4 -->
  <testcase classname="TestNg.ClassB" name="test5" time="0.0">
    <ignored/>
  </testcase> <!-- test5 -->
</testsuite> <!-- Test(failed) -->
